<?xml version="1.0" encoding="UTF-8"?>
<!-- Generated by org.testng.reporters.JUnitReportReporter -->
<testsuite skipped="0" hostname="MBP-Dmitriy" name="core.DivideTest" tests="4" failures="0" timestamp="21 авг 2017 06:16:23 GMT" time="0.009" errors="0">
  <testcase name="divide_test_2_param" time="0.008" classname="core.DivideTest"/>
  <testcase name="divide_test_instanceOf" time="0.001" classname="core.DivideTest"/>
  <testcase name="divide_test_3_param" time="0.000" classname="core.DivideTest"/>
  <testcase name="divide_test_4_param" time="0.000" classname="core.DivideTest"/>
</testsuite> <!-- core.DivideTest -->
