<?xml version="1.0" encoding="UTF-8"?>
<!-- Generated by org.testng.reporters.JUnitReportReporter -->
<testsuite skipped="0" hostname="MBP-Dmitriy" name="core.AddTest" tests="4" failures="0" timestamp="21 авг 2017 06:15:51 GMT" time="0.008" errors="0">
  <testcase name="add_test_instanceOf" time="0.001" classname="core.AddTest"/>
  <testcase name="add_test_3_param" time="0.000" classname="core.AddTest"/>
  <testcase name="add_test_2_param" time="0.007" classname="core.AddTest"/>
  <testcase name="add_test_4_param" time="0.000" classname="core.AddTest"/>
</testsuite> <!-- core.AddTest -->
